why this failed FAILED tests/test_email_e2e.py::test_email_pipeline_e2e_ezoe_mode - assert 'ezoe.work' in '<!doctype html>\n<html><head><meta charset=\'utf-8\'><style type="text/css">.email-page{backgr...

---

long-term fix

---

FAILED tests/test_sjzl_daily_email.py::test_list_index_pages_discovers_and_stops - AttributeError: module 'sjzl_daily_email' has no attribute 'SJZL_BASE'

---

ok.

---

commit